\BOOKMARK [0][-]{section*.2}{摘 要}{}% 1
\BOOKMARK [0][-]{section*.4}{Abstract}{}% 2
\BOOKMARK [0][-]{section*.5}{目 录}{}% 3
\BOOKMARK [0][-]{section*.7}{图形列表}{}% 4
\BOOKMARK [0][-]{section*.9}{表格列表}{}% 5
\BOOKMARK [0][-]{section*.12}{符号列表}{}% 6
\BOOKMARK [0][-]{chapter.1}{第1章  引言}{}% 7
\BOOKMARK [0][-]{chapter.2}{第2章  暴胀}{}% 8
\BOOKMARK [1][-]{section.2.1}{2.1 暴胀介绍}{chapter.2}% 9
\BOOKMARK [1][-]{section.2.2}{2.2 双拐点暴胀模型}{chapter.2}% 10
\BOOKMARK [1][-]{section.2.3}{2.3 随机引力波背景}{chapter.2}% 11
\BOOKMARK [1][-]{section.2.4}{2.4 小结}{chapter.2}% 12
\BOOKMARK [0][-]{chapter.3}{第3章  暴胀模型}{}% 13
\BOOKMARK [1][-]{section.3.1}{3.1 拐点暴胀模型基本概念}{chapter.3}% 14
\BOOKMARK [1][-]{section.3.2}{3.2 一些拐点暴胀模型的文章}{chapter.3}% 15
\BOOKMARK [1][-]{section.3.3}{3.3 预测}{chapter.3}% 16
\BOOKMARK [0][-]{chapter.4}{第4章  双拐点暴胀模型预言的引力波}{}% 17
\BOOKMARK [1][-]{section.4.1}{4.1 超引力}{chapter.4}% 18
\BOOKMARK [1][-]{section.4.2}{4.2 原初黑洞}{chapter.4}% 19
\BOOKMARK [1][-]{section.4.3}{4.3 计算方法}{chapter.4}% 20
\BOOKMARK [1][-]{section.4.4}{4.4 引力波}{chapter.4}% 21
\BOOKMARK [0][-]{chapter.5}{第5章  总结与展望}{}% 22
\BOOKMARK [0][-]{appendix.A}{附录 A  中国科学院大学学位论文撰写要求}{}% 23
\BOOKMARK [1][-]{section.A.1}{A.1 论文无附录者无需附录部分}{appendix.A}% 24
\BOOKMARK [1][-]{section.A.2}{A.2 测试公式编号}{appendix.A}% 25
\BOOKMARK [1][-]{section.A.3}{A.3 测试生僻字}{appendix.A}% 26
\BOOKMARK [0][-]{section*.16}{参考文献}{}% 27
\BOOKMARK [0][-]{appendix*.18}{作者简历及攻读学位期间发表的学术论文与研究成果}{}% 28
\BOOKMARK [0][-]{appendix*.25}{致谢}{}% 29
