INFO: latexindent version 3.6, 2019-05-05, a script to indent .tex files
      latexindent lives here: /usr/share/texlive/texmf-dist/scripts/latexindent/
      Sun Dec 29 19:40:23 2019
      Filename: /tmp/v7e1aPc/437/chap2sec4.tex
INFO: Processing switches:
      -w|--overwrite: Overwrite mode active, will make a back up of /tmp/v7e1aPc/437/chap2sec4.tex first
      -l|--localSettings: Read localSettings YAML file
INFO: Directory for backup files and indent.log: /tmp/v7e1aPc/437
INFO: YAML settings read: defaultSettings.yaml
      Reading defaultSettings.yaml from /usr/share/texlive/texmf-dist/scripts/latexindent/defaultSettings.yaml
INFO: YAML settings read: indentconfig.yaml or .indentconfig.yaml
      Home directory is /home/xuwutao (didn't find either indentconfig.yaml or .indentconfig.yaml)
      To specify user settings you would put indentconfig.yaml here: /home/xuwutao/indentconfig.yaml
      Alternatively, you can use the hidden file .indentconfig.yaml as: /home/xuwutao/.indentconfig.yaml
INFO: YAML settings read: -l switch
WARN: yaml file not found: /tmp/v7e1aPc/437/localSettings.yaml not found. Proceeding without it.
INFO: Backup procedure (-w flag active):
      copying /tmp/v7e1aPc/437/chap2sec4.tex to /tmp/v7e1aPc/437/chap2sec4.bak0
      Backup file: /tmp/v7e1aPc/437/chap2sec4.bak0
      /tmp/v7e1aPc/437/chap2sec4.tex will be overwritten after indentation
INFO: Phase 1: searching for objects
INFO: Phase 2: finding surrounding indentation
INFO: Phase 3: indenting objects
INFO: Phase 4: final indentation check
INFO: Output routine:
      Overwriting file /tmp/v7e1aPc/437/chap2sec4.tex
      --------------
INFO: Please direct all communication/issues to:
      https://github.com/cmhughes/latexindent.pl
