This is pdfTeX, Version 3.14159265-2.6-1.40.20 (TeX Live 2019) (preloaded format=pdflatex 2019.10.9)  4 NOV 2019 08:05
entering extended mode
 restricted \write18 enabled.
 file:line:error style messages enabled.
 %&-line parsing enabled.
**chap2sec5.tex
(./chap2sec5.tex
LaTeX2e <2018-12-01>
./chap2sec5.tex:1: Undefined control sequence.
l.1 \section
            {小结}
The control sequence at the end of the top line
of your error message was never \def'ed. If you have
misspelled it (e.g., `\hobx'), type `I' and the correct
spelling (e.g., `I\hbox'). Otherwise just continue,
and I'll forget about whatever was undefined.


./chap2sec5.tex:1: Package inputenc Error: Unicode character 小 (U+5C0F)
(inputenc)                not set up for use with LaTeX.

See the inputenc package documentation for explanation.
Type  H <return>  for immediate help.
 ...                                              
                                                  
l.1 \section{小
                结}
You may provide a definition with
\DeclareUnicodeCharacter 


./chap2sec5.tex:1: Package inputenc Error: Unicode character 结 (U+7ED3)
(inputenc)                not set up for use with LaTeX.

See the inputenc package documentation for explanation.
Type  H <return>  for immediate help.
 ...                                              
                                                  
l.1 \section{小结
                   }
You may provide a definition with
\DeclareUnicodeCharacter 


./chap2sec5.tex:3: Package inputenc Error: Unicode character 这 (U+8FD9)
(inputenc)                not set up for use with LaTeX.

See the inputenc package documentation for explanation.
Type  H <return>  for immediate help.
 ...                                              
                                                  
l.3 这
       里是小结
You may provide a definition with
\DeclareUnicodeCharacter 


./chap2sec5.tex:3: Package inputenc Error: Unicode character 里 (U+91CC)
(inputenc)                not set up for use with LaTeX.

See the inputenc package documentation for explanation.
Type  H <return>  for immediate help.
 ...                                              
                                                  
l.3 这里
          是小结
You may provide a definition with
\DeclareUnicodeCharacter 


./chap2sec5.tex:3: Package inputenc Error: Unicode character 是 (U+662F)
(inputenc)                not set up for use with LaTeX.

See the inputenc package documentation for explanation.
Type  H <return>  for immediate help.
 ...                                              
                                                  
l.3 这里是
             小结
You may provide a definition with
\DeclareUnicodeCharacter 


./chap2sec5.tex:3: Package inputenc Error: Unicode character 小 (U+5C0F)
(inputenc)                not set up for use with LaTeX.

See the inputenc package documentation for explanation.
Type  H <return>  for immediate help.
 ...                                              
                                                  
l.3 这里是小
                结
You may provide a definition with
\DeclareUnicodeCharacter 


./chap2sec5.tex:3: Package inputenc Error: Unicode character 结 (U+7ED3)
(inputenc)                not set up for use with LaTeX.

See the inputenc package documentation for explanation.
Type  H <return>  for immediate help.
 ...                                              
                                                  
l.3 这里是小结
                   
You may provide a definition with
\DeclareUnicodeCharacter 

)
! Emergency stop.
<*> chap2sec5.tex
                 
*** (job aborted, no legal \end found)

 
Here is how much of TeX's memory you used:
 11 strings out of 492616
 177 string characters out of 6129481
 57705 words of memory out of 5000000
 4030 multiletter control sequences out of 15000+600000
 3640 words of font info for 14 fonts, out of 8000000 for 9000
 1141 hyphenation exceptions out of 8191
 11i,0n,11p,39b,18s stack positions out of 5000i,500n,10000p,200000b,80000s
!  ==> Fatal error occurred, no output PDF file produced!
